C51 COMPILER V9.53.0.0   CO                                                                09/22/2018 23:31:34 PAGE 1   


C51 COMPILER V9.53.0.0, COMPILATION OF MODULE CO
OBJECT MODULE PLACED IN co.OBJ
COMPILER INVOKED BY: C:\Keil_v5\C51\BIN\C51.EXE co.c OPTIMIZE(8,SPEED) BROWSE DEBUG OBJECTEXTEND TABS(2)

line level    source

   1          // File Name: counter on 8051
   2          // Author: R.venkatesan
   3          // lcd 16X2 8bit method 
   4           // lcd pin connection port0 -data pin (D0-D7)
   5           // control pin lcd conection  RS=P2^7, R/W=P2^6, E=P2^5
   6           // 8051 have two counter on micro controller
   7          
   8          # include <reg51.h>
   9          # include <stdio.h>
  10          # include "lcd.h"  // lcd library 
  11          /* if want change the lcd pin connection open lcd file library change the pin as per your aspect 
  12           And also remain you change busy flag= bf(used name in lcdlibrary ) also for inlcd pin data  lcd file liba
             -ry  */
  13           sfr16 DPTR=0x82;  // 16 bit operater 
  14           
  15           void number(int a);
  16           void main()
  17           {
  18   1        port(); // pulldown the all pin in micro controller
  19   1        lcd_initial(); // lcd basic initialization cammand line 
  20   1         TMOD=0x44;  // basic initialization on counter use both counter run
  21   1         
  22   1         //TMOD=0x04; counter one //TMOD=0x40; counter one
  23   1        
  24   1         TL1=0x00;
  25   1         TH1=0x00;
  26   1         TL0=0x00;
  27   1         TH0=0x00;  // initial condition start on zero
  28   1         TR1=1; TR0=1;          // And run the time
  29   1         
  30   1         while(1)
  31   1         {
  32   2           lcd_com(0x01);  // lcd cammand dispaly frist line
  33   2           lcd_string(" counter0:"); 
  34   2           DPH=TH0;
  35   2           DPL=TL0; 
  36   2           number(DPTR);
  37   2           
  38   2           lcd_com (0xc0);  // lcd cammand dispaly second line
  39   2           lcd_string("counter1:");  
  40   2           DPH=TH1;
  41   2           DPL=TL1;
  42   2           number(DPTR);
  43   2           
  44   2            delay(100); // delay for seen the lcd lines display
  45   2         }
  46   1           
  47   1       }
  48             void number(int a)
  49             {
  50   1           lcd_data(a/10000+0x30);
  51   1           lcd_data((a%10000)/1000+0x30);
  52   1           lcd_data((a%1000)/100+0x30);
  53   1           lcd_data((a%100)/10+0x30);
  54   1           lcd_data(a%10+0x30);
C51 COMPILER V9.53.0.0   CO                                                                09/22/2018 23:31:34 PAGE 2   

  55   1         }


MODULE INFORMATION:   STATIC OVERLAYABLE
   CODE SIZE        =    327    ----
   CONSTANT SIZE    =     21    ----
   XDATA SIZE       =   ----    ----
   PDATA SIZE       =   ----    ----
   DATA SIZE        =   ----       3
   IDATA SIZE       =   ----    ----
   BIT SIZE         =   ----    ----
END OF MODULE INFORMATION.


C51 COMPILATION COMPLETE.  0 WARNING(S),  0 ERROR(S)
